[30-Mar-2025 14:41:46 UTC] PHP Warning:  Undefined array key "host" in /workspaces/Assignment_4/.wordpress/wp-includes/pluggable.php on line 1625
[31-Mar-2025 21:40:06 UTC] PHP Warning:  Undefined variable $parent_theme_name in /workspaces/Assignment_4/.wordpress/wp-content/mu-plugins/one-click-child-theme/templates/create_child_form.php on line 18
[31-Mar-2025 23:48:11 UTC] PHP Warning:  Undefined variable $parent_theme_name in /workspaces/Assignment_4/.wordpress/wp-content/mu-plugins/one-click-child-theme/templates/create_child_form.php on line 18
[31-Mar-2025 23:51:01 UTC] PHP Warning:  Undefined variable $parent_theme_name in /workspaces/Assignment_4/.wordpress/wp-content/mu-plugins/one-click-child-theme/templates/create_child_form.php on line 18
[01-Apr-2025 00:20:27 UTC] PHP Fatal error:  Out of memory (allocated 54525952) (tried to allocate 20480 bytes) in /workspaces/Assignment_4/.wordpress/wp-includes/media.php on line 4092
[01-Apr-2025 00:20:28 UTC] PHP Fatal error:  Out of memory (allocated 41943040) (tried to allocate 2097152 bytes) in /workspaces/Assignment_4/.wordpress/wp-content/plugins/ecommerce-product-catalog/includes/product-settings.php on line 329
[01-Apr-2025 00:20:28 UTC] PHP Fatal error:  Uncaught Error: Call to undefined function ic_products_count() in /workspaces/Assignment_4/.wordpress/wp-content/plugins/ecommerce-product-catalog/includes/tracking.php:117
Stack trace:
#0 /workspaces/Assignment_4/.wordpress/wp-content/plugins/ecommerce-product-catalog/includes/tracking.php(551): IC_EPC_Tracking->setup_data()
#1 /workspaces/Assignment_4/.wordpress/wp-content/plugins/ecommerce-product-catalog/includes/tracking.php(481): IC_EPC_Tracking->send_paused_checkin(Array, true)
#2 [internal function]: IC_EPC_Tracking->fatal()
#3 {main}
  thrown in /workspaces/Assignment_4/.wordpress/wp-content/plugins/ecommerce-product-catalog/includes/tracking.php on line 117
[01-Apr-2025 00:20:28 UTC] PHP Fatal error:  Out of memory (allocated 39845888) (tried to allocate 2097152 bytes) in /workspaces/Assignment_4/.wordpress/wp-content/plugins/ecommerce-product-catalog/includes/product-settings.php on line 329
[01-Apr-2025 00:20:28 UTC] PHP Fatal error:  Uncaught Error: Call to undefined function ic_products_count() in /workspaces/Assignment_4/.wordpress/wp-content/plugins/ecommerce-product-catalog/includes/tracking.php:117
Stack trace:
#0 /workspaces/Assignment_4/.wordpress/wp-content/plugins/ecommerce-product-catalog/includes/tracking.php(551): IC_EPC_Tracking->setup_data()
#1 /workspaces/Assignment_4/.wordpress/wp-content/plugins/ecommerce-product-catalog/includes/tracking.php(481): IC_EPC_Tracking->send_paused_checkin(Array, true)
#2 [internal function]: IC_EPC_Tracking->fatal()
#3 {main}
  thrown in /workspaces/Assignment_4/.wordpress/wp-content/plugins/ecommerce-product-catalog/includes/tracking.php on line 117
[01-Apr-2025 00:20:28 UTC] PHP Fatal error:  Out of memory (allocated 35651584) (tried to allocate 2097152 bytes) in /workspaces/Assignment_4/.wordpress/wp-content/plugins/ecommerce-product-catalog/includes/product-settings.php on line 328
[01-Apr-2025 00:20:28 UTC] PHP Fatal error:  Uncaught Error: Call to undefined function ic_products_count() in /workspaces/Assignment_4/.wordpress/wp-content/plugins/ecommerce-product-catalog/includes/tracking.php:117
Stack trace:
#0 /workspaces/Assignment_4/.wordpress/wp-content/plugins/ecommerce-product-catalog/includes/tracking.php(551): IC_EPC_Tracking->setup_data()
#1 /workspaces/Assignment_4/.wordpress/wp-content/plugins/ecommerce-product-catalog/includes/tracking.php(481): IC_EPC_Tracking->send_paused_checkin(Array, true)
#2 [internal function]: IC_EPC_Tracking->fatal()
#3 {main}
  thrown in /workspaces/Assignment_4/.wordpress/wp-content/plugins/ecommerce-product-catalog/includes/tracking.php on line 117
[01-Apr-2025 00:20:29 UTC] PHP Fatal error:  Out of memory (allocated 33554432) (tried to allocate 2097152 bytes) in /workspaces/Assignment_4/.wordpress/wp-content/plugins/ecommerce-product-catalog/includes/product-settings.php on line 329
[01-Apr-2025 00:20:29 UTC] PHP Fatal error:  Uncaught Error: Call to undefined function ic_products_count() in /workspaces/Assignment_4/.wordpress/wp-content/plugins/ecommerce-product-catalog/includes/tracking.php:117
Stack trace:
#0 /workspaces/Assignment_4/.wordpress/wp-content/plugins/ecommerce-product-catalog/includes/tracking.php(551): IC_EPC_Tracking->setup_data()
#1 /workspaces/Assignment_4/.wordpress/wp-content/plugins/ecommerce-product-catalog/includes/tracking.php(481): IC_EPC_Tracking->send_paused_checkin(Array, true)
#2 [internal function]: IC_EPC_Tracking->fatal()
#3 {main}
  thrown in /workspaces/Assignment_4/.wordpress/wp-content/plugins/ecommerce-product-catalog/includes/tracking.php on line 117
[01-Apr-2025 00:20:29 UTC] PHP Fatal error:  Out of memory (allocated 31457280) (tried to allocate 2097152 bytes) in /workspaces/Assignment_4/.wordpress/wp-content/plugins/ecommerce-product-catalog/includes/product-settings.php on line 329
[01-Apr-2025 00:20:29 UTC] PHP Fatal error:  Uncaught Error: Call to undefined function ic_products_count() in /workspaces/Assignment_4/.wordpress/wp-content/plugins/ecommerce-product-catalog/includes/tracking.php:117
Stack trace:
#0 /workspaces/Assignment_4/.wordpress/wp-content/plugins/ecommerce-product-catalog/includes/tracking.php(551): IC_EPC_Tracking->setup_data()
#1 /workspaces/Assignment_4/.wordpress/wp-content/plugins/ecommerce-product-catalog/includes/tracking.php(481): IC_EPC_Tracking->send_paused_checkin(Array, true)
#2 [internal function]: IC_EPC_Tracking->fatal()
#3 {main}
  thrown in /workspaces/Assignment_4/.wordpress/wp-content/plugins/ecommerce-product-catalog/includes/tracking.php on line 117
[01-Apr-2025 00:20:29 UTC] PHP Fatal error:  Out of memory (allocated 31457280) (tried to allocate 2097152 bytes) in /workspaces/Assignment_4/.wordpress/wp-content/plugins/ecommerce-product-catalog/includes/product-settings.php on line 329
[01-Apr-2025 00:20:29 UTC] PHP Fatal error:  Uncaught Error: Call to undefined function ic_products_count() in /workspaces/Assignment_4/.wordpress/wp-content/plugins/ecommerce-product-catalog/includes/tracking.php:117
Stack trace:
#0 /workspaces/Assignment_4/.wordpress/wp-content/plugins/ecommerce-product-catalog/includes/tracking.php(551): IC_EPC_Tracking->setup_data()
#1 /workspaces/Assignment_4/.wordpress/wp-content/plugins/ecommerce-product-catalog/includes/tracking.php(481): IC_EPC_Tracking->send_paused_checkin(Array, true)
#2 [internal function]: IC_EPC_Tracking->fatal()
#3 {main}
  thrown in /workspaces/Assignment_4/.wordpress/wp-content/plugins/ecommerce-product-catalog/includes/tracking.php on line 117
[01-Apr-2025 00:20:30 UTC] PHP Fatal error:  Out of memory (allocated 31457280) (tried to allocate 2097152 bytes) in /workspaces/Assignment_4/.wordpress/wp-content/plugins/ecommerce-product-catalog/includes/product-settings.php on line 329
[01-Apr-2025 00:20:30 UTC] PHP Fatal error:  Uncaught Error: Call to undefined function ic_products_count() in /workspaces/Assignment_4/.wordpress/wp-content/plugins/ecommerce-product-catalog/includes/tracking.php:117
Stack trace:
#0 /workspaces/Assignment_4/.wordpress/wp-content/plugins/ecommerce-product-catalog/includes/tracking.php(551): IC_EPC_Tracking->setup_data()
#1 /workspaces/Assignment_4/.wordpress/wp-content/plugins/ecommerce-product-catalog/includes/tracking.php(481): IC_EPC_Tracking->send_paused_checkin(Array, true)
#2 [internal function]: IC_EPC_Tracking->fatal()
#3 {main}
  thrown in /workspaces/Assignment_4/.wordpress/wp-content/plugins/ecommerce-product-catalog/includes/tracking.php on line 117
[01-Apr-2025 00:20:38 UTC] PHP Fatal error:  Out of memory (allocated 31457280) (tried to allocate 2097152 bytes) in /workspaces/Assignment_4/.wordpress/wp-content/plugins/ecommerce-product-catalog/includes/product-settings.php on line 328
[01-Apr-2025 00:20:38 UTC] PHP Fatal error:  Uncaught Error: Call to undefined function ic_products_count() in /workspaces/Assignment_4/.wordpress/wp-content/plugins/ecommerce-product-catalog/includes/tracking.php:117
Stack trace:
#0 /workspaces/Assignment_4/.wordpress/wp-content/plugins/ecommerce-product-catalog/includes/tracking.php(551): IC_EPC_Tracking->setup_data()
#1 /workspaces/Assignment_4/.wordpress/wp-content/plugins/ecommerce-product-catalog/includes/tracking.php(481): IC_EPC_Tracking->send_paused_checkin(Array, true)
#2 [internal function]: IC_EPC_Tracking->fatal()
#3 {main}
  thrown in /workspaces/Assignment_4/.wordpress/wp-content/plugins/ecommerce-product-catalog/includes/tracking.php on line 117
[01-Apr-2025 00:20:48 UTC] PHP Fatal error:  Out of memory (allocated 31457280) (tried to allocate 2097152 bytes) in /workspaces/Assignment_4/.wordpress/wp-content/plugins/ecommerce-product-catalog/includes/product-settings.php on line 328
[01-Apr-2025 00:20:48 UTC] PHP Fatal error:  Uncaught Error: Call to undefined function ic_products_count() in /workspaces/Assignment_4/.wordpress/wp-content/plugins/ecommerce-product-catalog/includes/tracking.php:117
Stack trace:
#0 /workspaces/Assignment_4/.wordpress/wp-content/plugins/ecommerce-product-catalog/includes/tracking.php(551): IC_EPC_Tracking->setup_data()
#1 /workspaces/Assignment_4/.wordpress/wp-content/plugins/ecommerce-product-catalog/includes/tracking.php(481): IC_EPC_Tracking->send_paused_checkin(Array, true)
#2 [internal function]: IC_EPC_Tracking->fatal()
#3 {main}
  thrown in /workspaces/Assignment_4/.wordpress/wp-content/plugins/ecommerce-product-catalog/includes/tracking.php on line 117
[01-Apr-2025 00:20:58 UTC] PHP Fatal error:  Out of memory (allocated 31457280) (tried to allocate 2097152 bytes) in /workspaces/Assignment_4/.wordpress/wp-content/plugins/ecommerce-product-catalog/includes/product-settings.php on line 328
[01-Apr-2025 00:20:58 UTC] PHP Fatal error:  Uncaught Error: Call to undefined function ic_products_count() in /workspaces/Assignment_4/.wordpress/wp-content/plugins/ecommerce-product-catalog/includes/tracking.php:117
Stack trace:
#0 /workspaces/Assignment_4/.wordpress/wp-content/plugins/ecommerce-product-catalog/includes/tracking.php(551): IC_EPC_Tracking->setup_data()
#1 /workspaces/Assignment_4/.wordpress/wp-content/plugins/ecommerce-product-catalog/includes/tracking.php(481): IC_EPC_Tracking->send_paused_checkin(Array, true)
#2 [internal function]: IC_EPC_Tracking->fatal()
#3 {main}
  thrown in /workspaces/Assignment_4/.wordpress/wp-content/plugins/ecommerce-product-catalog/includes/tracking.php on line 117
[01-Apr-2025 00:20:59 UTC] PHP Fatal error:  Out of memory (allocated 31457280) (tried to allocate 2097152 bytes) in /workspaces/Assignment_4/.wordpress/wp-content/plugins/ecommerce-product-catalog/includes/product-settings.php on line 211
[01-Apr-2025 00:20:59 UTC] PHP Fatal error:  Uncaught Error: Call to undefined function ic_products_count() in /workspaces/Assignment_4/.wordpress/wp-content/plugins/ecommerce-product-catalog/includes/tracking.php:117
Stack trace:
#0 /workspaces/Assignment_4/.wordpress/wp-content/plugins/ecommerce-product-catalog/includes/tracking.php(551): IC_EPC_Tracking->setup_data()
#1 /workspaces/Assignment_4/.wordpress/wp-content/plugins/ecommerce-product-catalog/includes/tracking.php(481): IC_EPC_Tracking->send_paused_checkin(Array, true)
#2 [internal function]: IC_EPC_Tracking->fatal()
#3 {main}
  thrown in /workspaces/Assignment_4/.wordpress/wp-content/plugins/ecommerce-product-catalog/includes/tracking.php on line 117
[01-Apr-2025 00:21:08 UTC] PHP Fatal error:  Out of memory (allocated 31457280) (tried to allocate 2097152 bytes) in /workspaces/Assignment_4/.wordpress/wp-content/plugins/ecommerce-product-catalog/includes/product-settings.php on line 328
[01-Apr-2025 00:21:08 UTC] PHP Fatal error:  Uncaught Error: Call to undefined function ic_products_count() in /workspaces/Assignment_4/.wordpress/wp-content/plugins/ecommerce-product-catalog/includes/tracking.php:117
Stack trace:
#0 /workspaces/Assignment_4/.wordpress/wp-content/plugins/ecommerce-product-catalog/includes/tracking.php(551): IC_EPC_Tracking->setup_data()
#1 /workspaces/Assignment_4/.wordpress/wp-content/plugins/ecommerce-product-catalog/includes/tracking.php(481): IC_EPC_Tracking->send_paused_checkin(Array, true)
#2 [internal function]: IC_EPC_Tracking->fatal()
#3 {main}
  thrown in /workspaces/Assignment_4/.wordpress/wp-content/plugins/ecommerce-product-catalog/includes/tracking.php on line 117
[01-Apr-2025 00:21:24 UTC] PHP Fatal error:  Out of memory (allocated 31457280) (tried to allocate 2097152 bytes) in /workspaces/Assignment_4/.wordpress/wp-content/plugins/ecommerce-product-catalog/includes/product-settings.php on line 328
[01-Apr-2025 00:21:24 UTC] PHP Fatal error:  Uncaught Error: Call to undefined function ic_products_count() in /workspaces/Assignment_4/.wordpress/wp-content/plugins/ecommerce-product-catalog/includes/tracking.php:117
Stack trace:
#0 /workspaces/Assignment_4/.wordpress/wp-content/plugins/ecommerce-product-catalog/includes/tracking.php(551): IC_EPC_Tracking->setup_data()
#1 /workspaces/Assignment_4/.wordpress/wp-content/plugins/ecommerce-product-catalog/includes/tracking.php(481): IC_EPC_Tracking->send_paused_checkin(Array, true)
#2 [internal function]: IC_EPC_Tracking->fatal()
#3 {main}
  thrown in /workspaces/Assignment_4/.wordpress/wp-content/plugins/ecommerce-product-catalog/includes/tracking.php on line 117
[01-Apr-2025 00:21:33 UTC] PHP Fatal error:  Out of memory (allocated 31457280) (tried to allocate 2097152 bytes) in /workspaces/Assignment_4/.wordpress/wp-content/plugins/ecommerce-product-catalog/includes/product-settings.php on line 211
[01-Apr-2025 00:21:33 UTC] PHP Fatal error:  Uncaught Error: Call to undefined function ic_products_count() in /workspaces/Assignment_4/.wordpress/wp-content/plugins/ecommerce-product-catalog/includes/tracking.php:117
Stack trace:
#0 /workspaces/Assignment_4/.wordpress/wp-content/plugins/ecommerce-product-catalog/includes/tracking.php(551): IC_EPC_Tracking->setup_data()
#1 /workspaces/Assignment_4/.wordpress/wp-content/plugins/ecommerce-product-catalog/includes/tracking.php(481): IC_EPC_Tracking->send_paused_checkin(Array, true)
#2 [internal function]: IC_EPC_Tracking->fatal()
#3 {main}
  thrown in /workspaces/Assignment_4/.wordpress/wp-content/plugins/ecommerce-product-catalog/includes/tracking.php on line 117
[01-Apr-2025 00:21:34 UTC] PHP Fatal error:  Out of memory (allocated 31457280) (tried to allocate 2097152 bytes) in /workspaces/Assignment_4/.wordpress/wp-content/plugins/ecommerce-product-catalog/includes/product-settings.php on line 328
[01-Apr-2025 00:21:34 UTC] PHP Fatal error:  Uncaught Error: Call to undefined function ic_products_count() in /workspaces/Assignment_4/.wordpress/wp-content/plugins/ecommerce-product-catalog/includes/tracking.php:117
Stack trace:
#0 /workspaces/Assignment_4/.wordpress/wp-content/plugins/ecommerce-product-catalog/includes/tracking.php(551): IC_EPC_Tracking->setup_data()
#1 /workspaces/Assignment_4/.wordpress/wp-content/plugins/ecommerce-product-catalog/includes/tracking.php(481): IC_EPC_Tracking->send_paused_checkin(Array, true)
#2 [internal function]: IC_EPC_Tracking->fatal()
#3 {main}
  thrown in /workspaces/Assignment_4/.wordpress/wp-content/plugins/ecommerce-product-catalog/includes/tracking.php on line 117
[01-Apr-2025 00:21:44 UTC] PHP Fatal error:  Out of memory (allocated 31457280) (tried to allocate 2097152 bytes) in /workspaces/Assignment_4/.wordpress/wp-content/plugins/ecommerce-product-catalog/includes/product-settings.php on line 328
[01-Apr-2025 00:21:44 UTC] PHP Fatal error:  Uncaught Error: Call to undefined function ic_products_count() in /workspaces/Assignment_4/.wordpress/wp-content/plugins/ecommerce-product-catalog/includes/tracking.php:117
Stack trace:
#0 /workspaces/Assignment_4/.wordpress/wp-content/plugins/ecommerce-product-catalog/includes/tracking.php(551): IC_EPC_Tracking->setup_data()
#1 /workspaces/Assignment_4/.wordpress/wp-content/plugins/ecommerce-product-catalog/includes/tracking.php(481): IC_EPC_Tracking->send_paused_checkin(Array, true)
#2 [internal function]: IC_EPC_Tracking->fatal()
#3 {main}
  thrown in /workspaces/Assignment_4/.wordpress/wp-content/plugins/ecommerce-product-catalog/includes/tracking.php on line 117
[01-Apr-2025 00:21:45 UTC] PHP Fatal error:  Out of memory (allocated 31457280) (tried to allocate 2097152 bytes) in /workspaces/Assignment_4/.wordpress/wp-content/plugins/ecommerce-product-catalog/includes/product-settings.php on line 363
[01-Apr-2025 00:21:45 UTC] PHP Fatal error:  Uncaught Error: Call to undefined function ic_products_count() in /workspaces/Assignment_4/.wordpress/wp-content/plugins/ecommerce-product-catalog/includes/tracking.php:117
Stack trace:
#0 /workspaces/Assignment_4/.wordpress/wp-content/plugins/ecommerce-product-catalog/includes/tracking.php(551): IC_EPC_Tracking->setup_data()
#1 /workspaces/Assignment_4/.wordpress/wp-content/plugins/ecommerce-product-catalog/includes/tracking.php(481): IC_EPC_Tracking->send_paused_checkin(Array, true)
#2 [internal function]: IC_EPC_Tracking->fatal()
#3 {main}
  thrown in /workspaces/Assignment_4/.wordpress/wp-content/plugins/ecommerce-product-catalog/includes/tracking.php on line 117
[01-Apr-2025 00:21:45 UTC] PHP Fatal error:  Out of memory (allocated 31457280) (tried to allocate 2097152 bytes) in /workspaces/Assignment_4/.wordpress/wp-content/plugins/ecommerce-product-catalog/includes/product-settings.php on line 363
[01-Apr-2025 00:21:45 UTC] PHP Fatal error:  Uncaught Error: Call to undefined function ic_products_count() in /workspaces/Assignment_4/.wordpress/wp-content/plugins/ecommerce-product-catalog/includes/tracking.php:117
Stack trace:
#0 /workspaces/Assignment_4/.wordpress/wp-content/plugins/ecommerce-product-catalog/includes/tracking.php(551): IC_EPC_Tracking->setup_data()
#1 /workspaces/Assignment_4/.wordpress/wp-content/plugins/ecommerce-product-catalog/includes/tracking.php(481): IC_EPC_Tracking->send_paused_checkin(Array, true)
#2 [internal function]: IC_EPC_Tracking->fatal()
#3 {main}
  thrown in /workspaces/Assignment_4/.wordpress/wp-content/plugins/ecommerce-product-catalog/includes/tracking.php on line 117
[01-Apr-2025 00:21:46 UTC] PHP Fatal error:  Out of memory (allocated 31457280) (tried to allocate 2097152 bytes) in /workspaces/Assignment_4/.wordpress/wp-content/plugins/ecommerce-product-catalog/includes/product-settings.php on line 363
[01-Apr-2025 00:21:46 UTC] PHP Fatal error:  Uncaught Error: Call to undefined function ic_products_count() in /workspaces/Assignment_4/.wordpress/wp-content/plugins/ecommerce-product-catalog/includes/tracking.php:117
Stack trace:
#0 /workspaces/Assignment_4/.wordpress/wp-content/plugins/ecommerce-product-catalog/includes/tracking.php(551): IC_EPC_Tracking->setup_data()
#1 /workspaces/Assignment_4/.wordpress/wp-content/plugins/ecommerce-product-catalog/includes/tracking.php(481): IC_EPC_Tracking->send_paused_checkin(Array, true)
#2 [internal function]: IC_EPC_Tracking->fatal()
#3 {main}
  thrown in /workspaces/Assignment_4/.wordpress/wp-content/plugins/ecommerce-product-catalog/includes/tracking.php on line 117
[01-Apr-2025 00:21:46 UTC] PHP Fatal error:  Out of memory (allocated 31457280) (tried to allocate 2097152 bytes) in /workspaces/Assignment_4/.wordpress/wp-content/plugins/ecommerce-product-catalog/includes/product-settings.php on line 356
[01-Apr-2025 00:21:46 UTC] PHP Fatal error:  Uncaught Error: Call to undefined function ic_products_count() in /workspaces/Assignment_4/.wordpress/wp-content/plugins/ecommerce-product-catalog/includes/tracking.php:117
Stack trace:
#0 /workspaces/Assignment_4/.wordpress/wp-content/plugins/ecommerce-product-catalog/includes/tracking.php(551): IC_EPC_Tracking->setup_data()
#1 /workspaces/Assignment_4/.wordpress/wp-content/plugins/ecommerce-product-catalog/includes/tracking.php(481): IC_EPC_Tracking->send_paused_checkin(Array, true)
#2 [internal function]: IC_EPC_Tracking->fatal()
#3 {main}
  thrown in /workspaces/Assignment_4/.wordpress/wp-content/plugins/ecommerce-product-catalog/includes/tracking.php on line 117
[01-Apr-2025 00:21:48 UTC] PHP Fatal error:  Out of memory (allocated 31457280) (tried to allocate 2097152 bytes) in /workspaces/Assignment_4/.wordpress/wp-content/plugins/ecommerce-product-catalog/includes/product-settings.php on line 356
[01-Apr-2025 00:21:48 UTC] PHP Fatal error:  Uncaught Error: Call to undefined function ic_products_count() in /workspaces/Assignment_4/.wordpress/wp-content/plugins/ecommerce-product-catalog/includes/tracking.php:117
Stack trace:
#0 /workspaces/Assignment_4/.wordpress/wp-content/plugins/ecommerce-product-catalog/includes/tracking.php(551): IC_EPC_Tracking->setup_data()
#1 /workspaces/Assignment_4/.wordpress/wp-content/plugins/ecommerce-product-catalog/includes/tracking.php(481): IC_EPC_Tracking->send_paused_checkin(Array, true)
#2 [internal function]: IC_EPC_Tracking->fatal()
#3 {main}
  thrown in /workspaces/Assignment_4/.wordpress/wp-content/plugins/ecommerce-product-catalog/includes/tracking.php on line 117
[01-Apr-2025 00:21:51 UTC] PHP Fatal error:  Out of memory (allocated 31457280) (tried to allocate 2097152 bytes) in /workspaces/Assignment_4/.wordpress/wp-content/plugins/ecommerce-product-catalog/includes/product-settings.php on line 329
[01-Apr-2025 00:21:51 UTC] PHP Fatal error:  Uncaught Error: Call to undefined function ic_products_count() in /workspaces/Assignment_4/.wordpress/wp-content/plugins/ecommerce-product-catalog/includes/tracking.php:117
Stack trace:
#0 /workspaces/Assignment_4/.wordpress/wp-content/plugins/ecommerce-product-catalog/includes/tracking.php(551): IC_EPC_Tracking->setup_data()
#1 /workspaces/Assignment_4/.wordpress/wp-content/plugins/ecommerce-product-catalog/includes/tracking.php(481): IC_EPC_Tracking->send_paused_checkin(Array, true)
#2 [internal function]: IC_EPC_Tracking->fatal()
#3 {main}
  thrown in /workspaces/Assignment_4/.wordpress/wp-content/plugins/ecommerce-product-catalog/includes/tracking.php on line 117
[01-Apr-2025 00:21:57 UTC] PHP Fatal error:  Out of memory (allocated 31457280) (tried to allocate 2097152 bytes) in /workspaces/Assignment_4/.wordpress/wp-content/plugins/ecommerce-product-catalog/includes/product-settings.php on line 386
[01-Apr-2025 00:21:57 UTC] PHP Fatal error:  Uncaught Error: Call to undefined function ic_products_count() in /workspaces/Assignment_4/.wordpress/wp-content/plugins/ecommerce-product-catalog/includes/tracking.php:117
Stack trace:
#0 /workspaces/Assignment_4/.wordpress/wp-content/plugins/ecommerce-product-catalog/includes/tracking.php(551): IC_EPC_Tracking->setup_data()
#1 /workspaces/Assignment_4/.wordpress/wp-content/plugins/ecommerce-product-catalog/includes/tracking.php(481): IC_EPC_Tracking->send_paused_checkin(Array, true)
#2 [internal function]: IC_EPC_Tracking->fatal()
#3 {main}
  thrown in /workspaces/Assignment_4/.wordpress/wp-content/plugins/ecommerce-product-catalog/includes/tracking.php on line 117
[01-Apr-2025 00:22:21 UTC] PHP Fatal error:  Out of memory (allocated 31457280) (tried to allocate 2097152 bytes) in /workspaces/Assignment_4/.wordpress/wp-content/plugins/ecommerce-product-catalog/includes/product-settings.php on line 386
[01-Apr-2025 00:22:21 UTC] PHP Fatal error:  Uncaught Error: Call to undefined function ic_products_count() in /workspaces/Assignment_4/.wordpress/wp-content/plugins/ecommerce-product-catalog/includes/tracking.php:117
Stack trace:
#0 /workspaces/Assignment_4/.wordpress/wp-content/plugins/ecommerce-product-catalog/includes/tracking.php(551): IC_EPC_Tracking->setup_data()
#1 /workspaces/Assignment_4/.wordpress/wp-content/plugins/ecommerce-product-catalog/includes/tracking.php(481): IC_EPC_Tracking->send_paused_checkin(Array, true)
#2 [internal function]: IC_EPC_Tracking->fatal()
#3 {main}
  thrown in /workspaces/Assignment_4/.wordpress/wp-content/plugins/ecommerce-product-catalog/includes/tracking.php on line 117
